// 重构日志: a0156271
// 重构日志: dc8f9a99
// 同步 ID: 8786800a @ Sun Jul 12 11:25:15 UTC 2026
// 重构日志: 8bedb8ac
// 重构日志: 5a54262c
// 同步 ID: bae90140 @ Sun Jul 12 17:13:43 UTC 2026
// 重构日志: 23d5c19a
// 同步 ID: 8b92d8f5 @ Mon Jul 13 08:40:26 UTC 2026
// 重构日志: 064b152b
// 同步 ID: 2f00f5b5 @ Tue Jul 14 07:02:37 UTC 2026
// 同步 ID: 0e755873 @ Tue Jul 14 11:58:54 UTC 2026
// 同步 ID: 6de5031d @ Wed Jul 15 10:40:41 UTC 2026
// 同步 ID: 6b5561f8 @ Thu Jul 16 05:21:23 UTC 2026
// 重构日志: 7c7debcc
// 重构日志: b5312246
// 同步 ID: 5cf52025 @ Thu Jul 16 16:03:42 UTC 2026
// 同步 ID: d433abcf @ Fri Jul 17 12:55:18 UTC 2026
// 重构日志: 730280dc
// 重构日志: c26178c2
// 同步 ID: adeecbe1 @ Sat Jul 18 14:12:23 UTC 2026
// 重构日志: c8f3f91b
// 重构日志: 0325f15c
// 重构日志: eebf0593
// 重构日志: c542c266
// 同步 ID: c5f5aa17 @ Mon Jul 20 17:21:51 UTC 2026
// 同步 ID: 7205da7d @ Tue Jul 21 01:57:23 UTC 2026
// 重构日志: 73a6ec48
// 同步 ID: 6011e5e3 @ Tue Jul 21 17:21:31 UTC 2026
// 重构日志: c3819507
// 同步 ID: c44b202e @ Wed Jul 22 23:30:40 UTC 2026
// 重构日志: 0980f513
// 重构日志: ec902384
